<?xml version="1.0" encoding="UTF-8"?>
<testng-results ignored="0" total="4" passed="4" failed="0" skipped="0">
  <reporter-output>
  </reporter-output>
  <suite started-at="2025-09-26T10:47:16 IST" name="Suite" finished-at="2025-09-26T10:47:16 IST" duration-ms="149">
    <groups>
    </groups>
    <test started-at="2025-09-26T10:47:16 IST" name="Test" finished-at="2025-09-26T10:47:16 IST" duration-ms="149">
      <class name="pac1.ContactTest">
        <test-method signature="creatContactTest()[pri:0, instance:pac1.ContactTest@dbf57b3]" started-at="2025-09-26T10:47:16 IST" name="creatContactTest" finished-at="2025-09-26T10:47:16 IST" duration-ms="16" status="PASS">
          <reporter-output>
          </reporter-output>
        </test-method> <!-- creatContactTest -->
        <test-method signature="modifyContactTest()[pri:0, instance:pac1.ContactTest@dbf57b3]" started-at="2025-09-26T10:47:16 IST" name="modifyContactTest" finished-at="2025-09-26T10:47:16 IST" duration-ms="3" status="PASS">
          <reporter-output>
          </reporter-output>
        </test-method> <!-- modifyContactTest -->
      </class> <!-- pac1.ContactTest -->
      <class name="pac2.OrgTest">
        <test-method signature="creatOrgTest()[pri:0, instance:pac2.OrgTest@14dd9eb7]" started-at="2025-09-26T10:47:16 IST" name="creatOrgTest" finished-at="2025-09-26T10:47:16 IST" duration-ms="4" status="PASS">
          <reporter-output>
          </reporter-output>
        </test-method> <!-- creatOrgTest -->
        <test-method signature="modifyOrgTest()[pri:0, instance:pac2.OrgTest@14dd9eb7]" started-at="2025-09-26T10:47:16 IST" name="modifyOrgTest" finished-at="2025-09-26T10:47:16 IST" duration-ms="2" status="PASS">
          <reporter-output>
          </reporter-output>
        </test-method> <!-- modifyOrgTest -->
      </class> <!-- pac2.OrgTest -->
    </test> <!-- Test -->
  </suite> <!-- Suite -->
</testng-results>
