<?xml version="1.0" encoding="UTF-8"?>
<!-- Generated by org.testng.reporters.JUnitXMLReporter -->
<testsuite ignored="0" hostname="DESKTOP-AD0OTFU" failures="0" tests="4" name="Test" time="0.149" errors="0" timestamp="2025-09-26T10:47:16 IST">
  <testcase classname="pac1.ContactTest" name="creatContactTest" time="0.016"/>
  <testcase classname="pac1.ContactTest" name="modifyContactTest" time="0.003"/>
  <testcase classname="pac2.OrgTest" name="creatOrgTest" time="0.004"/>
  <testcase classname="pac2.OrgTest" name="modifyOrgTest" time="0.002"/>
</testsuite> <!-- Test -->
